<?xml version="1.0" encoding="UTF-8"?>
<testng-results ignored="0" total="1" passed="1" failed="0" skipped="0">
  <reporter-output>
  </reporter-output>
  <suite started-at="2021-08-18T18:31:39 IST" name="Surefire suite" finished-at="2021-08-18T18:31:39 IST" duration-ms="35">
    <groups>
    </groups>
    <test started-at="2021-08-18T18:31:39 IST" name="Surefire test" finished-at="2021-08-18T18:31:39 IST" duration-ms="35">
      <class name="GithubSearchTest">
        <test-method signature="searchGithub()[pri:0, instance:GithubSearchTest@51b279c9]" started-at="2021-08-18T18:31:39 IST" name="searchGithub" finished-at="2021-08-18T18:31:39 IST" duration-ms="3" status="PASS">
          <reporter-output>
          </reporter-output>
        </test-method> <!-- searchGithub -->
      </class> <!-- GithubSearchTest -->
    </test> <!-- Surefire test -->
  </suite> <!-- Surefire suite -->
</testng-results>
